This is pdfTeX, Version 3.141592653-2.6-1.40.25 (TeX Live 2023) (preloaded format=pdflatex 2023.10.14)  15 JAN 2024 07:29
entering extended mode
 restricted \write18 enabled.
 %&-line parsing enabled.
**Main.tex
(./Main.tex
LaTeX2e <2023-06-01> patch level 1
L3 programming layer <2023-10-10>
(d:/texlive/2023/texmf-dist/tex/latex/base/report.cls
Document Class: report 2023/05/17 v1.4n Standard LaTeX document class
(d:/texlive/2023/texmf-dist/tex/latex/base/size10.clo
File: size10.clo 2023/05/17 v1.4n Standard LaTeX file (size option)
)
\c@part=\count185
\c@chapter=\count186
\c@section=\count187
\c@subsection=\count188
\c@subsubsection=\count189
\c@paragraph=\count190
\c@subparagraph=\count191
\c@figure=\count192
\c@table=\count193
\abovecaptionskip=\skip48
\belowcaptionskip=\skip49
\bibindent=\dimen140
)
(d:/texlive/2023/texmf-dist/tex/latex/titlesec/titlesec.sty
Package: titlesec 2021/07/05 v2.14 Sectioning titles
\ttl@box=\box51
\beforetitleunit=\skip50
\aftertitleunit=\skip51
\ttl@plus=\dimen141
\ttl@minus=\dimen142
\ttl@toksa=\toks17
\titlewidth=\dimen143
\titlewidthlast=\dimen144
\titlewidthfirst=\dimen145
)
(d:/texlive/2023/texmf-dist/tex/latex/geometry/geometry.sty
Package: geometry 2020/01/02 v5.9 Page Geometry

(d:/texlive/2023/texmf-dist/tex/latex/graphics/keyval.sty
Package: keyval 2022/05/29 v1.15 key=value parser (DPC)
\KV@toks@=\toks18
)
(d:/texlive/2023/texmf-dist/tex/generic/iftex/ifvtex.sty
Package: ifvtex 2019/10/25 v1.7 ifvtex legacy package. Use iftex instead.

(d:/texlive/2023/texmf-dist/tex/generic/iftex/iftex.sty
Package: iftex 2022/02/03 v1.0f TeX engine tests
))
\Gm@cnth=\count194
\Gm@cntv=\count195
\c@Gm@tempcnt=\count196
\Gm@bindingoffset=\dimen146
\Gm@wd@mp=\dimen147
\Gm@odd@mp=\dimen148
\Gm@even@mp=\dimen149
\Gm@layoutwidth=\dimen150
\Gm@layoutheight=\dimen151
\Gm@layouthoffset=\dimen152
\Gm@layoutvoffset=\dimen153
\Gm@dimlist=\toks19
)
(d:/texlive/2023/texmf-dist/tex/latex/graphics/graphicx.sty
Package: graphicx 2021/09/16 v1.2d Enhanced LaTeX Graphics (DPC,SPQR)

(d:/texlive/2023/texmf-dist/tex/latex/graphics/graphics.sty
Package: graphics 2022/03/10 v1.4e Standard LaTeX Graphics (DPC,SPQR)

(d:/texlive/2023/texmf-dist/tex/latex/graphics/trig.sty
Package: trig 2021/08/11 v1.11 sin cos tan (DPC)
)
(d:/texlive/2023/texmf-dist/tex/latex/graphics-cfg/graphics.cfg
File: graphics.cfg 2016/06/04 v1.11 sample graphics configuration
)
Package graphics Info: Driver file: pdftex.def on input line 107.

(d:/texlive/2023/texmf-dist/tex/latex/graphics-def/pdftex.def
File: pdftex.def 2022/09/22 v1.2b Graphics/color driver for pdftex
))
\Gin@req@height=\dimen154
\Gin@req@width=\dimen155
)
(d:/texlive/2023/texmf-dist/tex/latex/titlesec/titletoc.sty
Package: titletoc 2021/07/05 v2.14 TOC entries
\ttl@leftsep=\dimen156
)
(d:/texlive/2023/texmf-dist/tex/latex/blindtext/blindtext.sty
Package: blindtext 2012/01/06 V2.0 blindtext-Package

(d:/texlive/2023/texmf-dist/tex/latex/tools/xspace.sty
Package: xspace 2014/10/28 v1.13 Space after command names (DPC,MH)
)
\c@blindtext=\count197
\c@Blindtext=\count198
\c@blind@countparstart=\count199
\blind@countxx=\count266
\blindtext@numBlindtext=\count267
\blind@countyy=\count268
\c@blindlist=\count269
\c@blindlistlevel=\count270
\c@blindlist@level=\count271
\blind@listitem=\count272
\c@blind@listcount=\count273
\c@blind@levelcount=\count274
\blind@mathformula=\count275
\blind@Mathformula=\count276
\c@blind@randomcount=\count277
\c@blind@randommax=\count278
\c@blind@pangramcount=\count279
\c@blind@pangrammax=\count280
)
(d:/texlive/2023/texmf-dist/tex/latex/tools/longtable.sty
Package: longtable 2021-09-01 v4.17 Multi-page Table package (DPC)
\LTleft=\skip52
\LTright=\skip53
\LTpre=\skip54
\LTpost=\skip55
\LTchunksize=\count281
\LTcapwidth=\dimen157
\LT@head=\box52
\LT@firsthead=\box53
\LT@foot=\box54
\LT@lastfoot=\box55
\LT@gbox=\box56
\LT@cols=\count282
\LT@rows=\count283
\c@LT@tables=\count284
\c@LT@chunks=\count285
\LT@p@ftn=\toks20
)
(d:/texlive/2023/texmf-dist/tex/latex/enumitem/enumitem.sty
Package: enumitem 2019/06/20 v3.9 Customized lists
\labelindent=\skip56
\enit@outerparindent=\dimen158
\enit@toks=\toks21
\enit@inbox=\box57
\enit@count@id=\count286
\enitdp@description=\count287
)
(d:/texlive/2023/texmf-dist/tex/latex/tools/tabularx.sty
Package: tabularx 2020/01/15 v2.11c `tabularx' package (DPC)

(d:/texlive/2023/texmf-dist/tex/latex/tools/array.sty
Package: array 2022/09/04 v2.5g Tabular extension package (FMi)
\col@sep=\dimen159
\ar@mcellbox=\box58
\extrarowheight=\dimen160
\NC@list=\toks22
\extratabsurround=\skip57
\backup@length=\skip58
\ar@cellbox=\box59
)
\TX@col@width=\dimen161
\TX@old@table=\dimen162
\TX@old@col=\dimen163
\TX@target=\dimen164
\TX@delta=\dimen165
\TX@cols=\count288
\TX@ftn=\toks23
)
(d:/texlive/2023/texmf-dist/tex/latex/float/float.sty
Package: float 2001/11/08 v1.3d Float enhancements (AL)
\c@float@type=\count289
\float@exts=\toks24
\float@box=\box60
\@float@everytoks=\toks25
\@floatcapt=\box61
)
(d:/texlive/2023/texmf-dist/tex/latex/xcolor/xcolor.sty
Package: xcolor 2022/06/12 v2.14 LaTeX color extensions (UK)

(d:/texlive/2023/texmf-dist/tex/latex/graphics-cfg/color.cfg
File: color.cfg 2016/01/02 v1.6 sample color configuration
)
Package xcolor Info: Driver file: pdftex.def on input line 227.

(d:/texlive/2023/texmf-dist/tex/latex/graphics/mathcolor.ltx)
Package xcolor Info: Model `cmy' substituted by `cmy0' on input line 1353.
Package xcolor Info: Model `hsb' substituted by `rgb' on input line 1357.
Package xcolor Info: Model `RGB' extended on input line 1369.
Package xcolor Info: Model `HTML' substituted by `rgb' on input line 1371.
Package xcolor Info: Model `Hsb' substituted by `hsb' on input line 1372.
Package xcolor Info: Model `tHsb' substituted by `hsb' on input line 1373.
Package xcolor Info: Model `HSB' substituted by `hsb' on input line 1374.
Package xcolor Info: Model `Gray' substituted by `gray' on input line 1375.
Package xcolor Info: Model `wave' substituted by `hsb' on input line 1376.
)
(d:/texlive/2023/texmf-dist/tex/latex/ragged2e/ragged2e.sty
Package: ragged2e 2023/06/22 v3.6 ragged2e Package

(d:/texlive/2023/texmf-dist/tex/latex/footmisc/footmisc.sty
Package: footmisc 2023/07/05 v6.0f a miscellany of footnote facilities
\FN@temptoken=\toks26
\footnotemargin=\dimen166
\@outputbox@depth=\dimen167
Package footmisc Info: Declaring symbol style bringhurst on input line 696.
Package footmisc Info: Declaring symbol style chicago on input line 704.
Package footmisc Info: Declaring symbol style wiley on input line 713.
Package footmisc Info: Declaring symbol style lamport-robust on input line 724.

Package footmisc Info: Declaring symbol style lamport* on input line 744.
Package footmisc Info: Declaring symbol style lamport*-robust on input line 765
.
)
\CenteringLeftskip=\skip59
\RaggedLeftLeftskip=\skip60
\RaggedRightLeftskip=\skip61
\CenteringRightskip=\skip62
\RaggedLeftRightskip=\skip63
\RaggedRightRightskip=\skip64
\CenteringParfillskip=\skip65
\RaggedLeftParfillskip=\skip66
\RaggedRightParfillskip=\skip67
\JustifyingParfillskip=\skip68
\CenteringParindent=\skip69
\RaggedLeftParindent=\skip70
\RaggedRightParindent=\skip71
\JustifyingParindent=\skip72
)
(d:/texlive/2023/texmf-dist/tex/latex/etoolbox/etoolbox.sty
Package: etoolbox 2020/10/05 v2.5k e-TeX tools for LaTeX (JAW)
\etb@tempcnta=\count290
)
(d:/texlive/2023/texmf-dist/tex/latex/l3backend/l3backend-pdftex.def
File: l3backend-pdftex.def 2023-10-10 L3 backend support: PDF output (pdfTeX)
\l__color_backend_stack_int=\count291
\l__pdf_internal_box=\box62
)
No file Main.aux.
\openout1 = `Main.aux'.

LaTeX Font Info:    Checking defaults for OML/cmm/m/it on input line 46.
LaTeX Font Info:    ... okay on input line 46.
LaTeX Font Info:    Checking defaults for OMS/cmsy/m/n on input line 46.
LaTeX Font Info:    ... okay on input line 46.
LaTeX Font Info:    Checking defaults for OT1/cmr/m/n on input line 46.
LaTeX Font Info:    ... okay on input line 46.
LaTeX Font Info:    Checking defaults for T1/cmr/m/n on input line 46.
LaTeX Font Info:    ... okay on input line 46.
LaTeX Font Info:    Checking defaults for TS1/cmr/m/n on input line 46.
LaTeX Font Info:    ... okay on input line 46.
LaTeX Font Info:    Checking defaults for OMX/cmex/m/n on input line 46.
LaTeX Font Info:    ... okay on input line 46.
LaTeX Font Info:    Checking defaults for U/cmr/m/n on input line 46.
LaTeX Font Info:    ... okay on input line 46.
*geometry* driver: auto-detecting
*geometry* detected driver: pdftex
*geometry* verbose mode - [ preamble ] result:
* driver: pdftex
* paper: <default>
* layout: <same size as paper>
* layoutoffset:(h,v)=(0.0pt,0.0pt)
* modes: 
* h-part:(L,W,R)=(54.2025pt, 505.89pt, 54.2025pt)
* v-part:(T,H,B)=(54.2025pt, 686.56499pt, 54.2025pt)
* \paperwidth=614.295pt
* \paperheight=794.96999pt
* \textwidth=505.89pt
* \textheight=686.56499pt
* \oddsidemargin=-18.06749pt
* \evensidemargin=-18.06749pt
* \topmargin=-55.06749pt
* \headheight=12.0pt
* \headsep=25.0pt
* \topskip=10.0pt
* \footskip=30.0pt
* \marginparwidth=65.0pt
* \marginparsep=11.0pt
* \columnsep=10.0pt
* \skip\footins=9.0pt plus 4.0pt minus 2.0pt
* \hoffset=0.0pt
* \voffset=0.0pt
* \mag=1000
* \@twocolumnfalse
* \@twosidefalse
* \@mparswitchfalse
* \@reversemarginfalse
* (1in=72.27pt=25.4mm, 1cm=28.453pt)

(d:/texlive/2023/texmf-dist/tex/context/base/mkii/supp-pdf.mkii
[Loading MPS to PDF converter (version 2006.09.02).]
\scratchcounter=\count292
\scratchdimen=\dimen168
\scratchbox=\box63
\nofMPsegments=\count293
\nofMParguments=\count294
\everyMPshowfont=\toks27
\MPscratchCnt=\count295
\MPscratchDim=\dimen169
\MPnumerator=\count296
\makeMPintoPDFobject=\count297
\everyMPtoPDFconversion=\toks28
) (d:/texlive/2023/texmf-dist/tex/latex/epstopdf-pkg/epstopdf-base.sty
Package: epstopdf-base 2020-01-24 v2.11 Base part for package epstopdf
Package epstopdf-base Info: Redefining graphics rule for `.eps' on input line 4
85.

(d:/texlive/2023/texmf-dist/tex/latex/latexconfig/epstopdf-sys.cfg
File: epstopdf-sys.cfg 2010/07/13 v1.3 Configuration of (r)epstopdf for TeX Liv
e
))
Package ragged2e Info: ABD: executing \RaggedRight on input line 46.
<Image/RWU.png, id=1, 1284.8pt x 429.605pt>
File: Image/RWU.png Graphic file (type png)
<use Image/RWU.png>
Package pdftex.def Info: Image/RWU.png  used on input line 76.
(pdftex.def)             Requested size: 284.5193pt x 85.35571pt.
 [1

{d:/texlive/2023/texmf-var/fonts/map/pdftex/updmap/pdftex.map} <./Image/RWU.png
>]
No file Main.toc.
\tf@toc=\write3
\openout3 = `Main.toc'.

[1] [2]
\openout2 = `Sections/Functional_Requirements.aux'.

 (./Sections/Functional_Requirements.tex
Overfull \hbox (1.0664pt too wide) in paragraph at lines 4--4
[]|\OT1/cmr/bx/n/10 Importance|  
 []

[3

]) [4]
\openout2 = `Sections/History.aux'.

 (./Sections/History.tex
LaTeX Font Info:    External font `cmex10' loaded for size
(Font)              <7> on input line 6.
LaTeX Font Info:    External font `cmex10' loaded for size
(Font)              <5> on input line 6.

Overfull \hbox (13.58041pt too wide) in paragraph at lines 6--18
 [][] 
 []

) [5



]
\openout2 = `"Sections/Document Overview.aux"'.

 (./Sections/Document Overview.tex
Overfull \hbox (1.48753pt too wide) in paragraph at lines 46--46
[]|\OT1/cmr/m/n/10 Programmable 
 []

) [6



{d:/texlive/2023/texmf-dist/fonts/enc/dvips/cm-super/cm-super-ts1.enc}]
\openout2 = `Sections/Product_Overview.aux'.


(./Sections/Product_Overview.tex
<Image/Block Diagram.png, id=34, 866.23625pt x 790.955pt>
File: Image/Block Diagram.png Graphic file (type png)
<use Image/Block Diagram.png>
Package pdftex.def Info: Image/Block Diagram.png  used on input line 14.
(pdftex.def)             Requested size: 252.94499pt x 230.96419pt.
 [7



 <./Image/Block Diagram.png>]
<Image/ARM.png, id=39, 1656.1875pt x 1543.7675pt>
File: Image/ARM.png Graphic file (type png)
<use Image/ARM.png>
Package pdftex.def Info: Image/ARM.png  used on input line 52.
(pdftex.def)             Requested size: 354.12144pt x 330.06618pt.
) [8 <./Image/ARM.png>]
\openout2 = `Sections/Architecture_Concepts.aux'.

 (./Sections/Architecture_Concepts.tex [9



]
<Image/AXI.png, id=47, 499.11469pt x 408.77719pt>
File: Image/AXI.png Graphic file (type png)
<use Image/AXI.png>
Package pdftex.def Info: Image/AXI.png  used on input line 31.
(pdftex.def)             Requested size: 354.12144pt x 290.03423pt.
 [10 <./Image/AXI.png>]
Overfull \hbox (6.13855pt too wide) in paragraph at lines 65--66
\OT1/cmr/m/n/10 logic (PL). The PS in-cludes ARM Cortex-A9 pro-ces-sors, and th
e clock-ing ar-chi-tec-ture in-volves sev-eral clock sources. 
 []


Overfull \hbox (0.48854pt too wide) in paragraph at lines 70--71
[]\OT1/cmr/m/n/10 ARM Cortex-A9 Clocks (CPU[]CLK): The ARM Cortex-A9 pro-ces-so
rs in the PS have their own clocks. Max- 
 []

[11]
<Image/RISC V.png, id=55, 1875.005pt x 792.9625pt>
File: Image/RISC V.png Graphic file (type png)
<use Image/RISC V.png>
Package pdftex.def Info: Image/RISC V.png  used on input line 97.
(pdftex.def)             Requested size: 505.89pt x 213.94543pt.
) [12 <./Image/RISC V.png>]
\openout2 = `Sections/Description_of_the_Desgin_Element.aux'.


(./Sections/Description_of_the_Desgin_Element.tex
<Image/Register.png, id=61, 1393.205pt x 1468.48625pt>
File: Image/Register.png Graphic file (type png)
<use Image/Register.png>
Package pdftex.def Info: Image/Register.png  used on input line 30.
(pdftex.def)             Requested size: 303.53708pt x 319.93095pt.


LaTeX Warning: `h' float specifier changed to `ht'.

[13



] [14 <./Image/Register.png>]
<Image/TAP1.png, id=69, 487.8225pt x 417.05812pt>
File: Image/TAP1.png Graphic file (type png)
<use Image/TAP1.png>
Package pdftex.def Info: Image/TAP1.png  used on input line 88.
(pdftex.def)             Requested size: 354.12144pt x 302.75713pt.
 [15 <./Image/TAP1.png>]
<Image/FSM.png, id=74, 395.5578pt x 280.8894pt>
File: Image/FSM.png Graphic file (type png)
<use Image/FSM.png>
Package pdftex.def Info: Image/FSM.png  used on input line 104.
(pdftex.def)             Requested size: 455.2979pt x 323.3289pt.
 [16 <./Image/FSM.png>]
<Image/dataregister.png, id=79, 554.82281pt x 301.8778pt>
File: Image/dataregister.png Graphic file (type png)
<use Image/dataregister.png>
Package pdftex.def Info: Image/dataregister.png  used on input line 116.
(pdftex.def)             Requested size: 505.89pt x 275.25737pt.
[17 <./Image/dataregister.png>]
<Image/soc7000.png, id=84, 204.765pt x 161.1621pt>
File: Image/soc7000.png Graphic file (type png)
<use Image/soc7000.png>
Package pdftex.def Info: Image/soc7000.png  used on input line 166.
(pdftex.def)             Requested size: 404.71353pt x 318.55354pt.
 [18 <./Image/soc7000.png>]
<Image/ARM core.png, id=90, 608.2725pt x 508.90125pt>
File: Image/ARM core.png Graphic file (type png)
<use Image/ARM core.png>
Package pdftex.def Info: Image/ARM core.png  used on input line 187.
(pdftex.def)             Requested size: 252.94499pt x 211.61717pt.
) [19 <./Image/ARM core.png>]
\openout2 = `Sections/Test_and_Debug.aux'.

 (./Sections/Test_and_Debug.tex
<Image/scan chain.png, id=95, 553.31718pt x 246.1697pt>
File: Image/scan chain.png Graphic file (type png)
<use Image/scan chain.png>
Package pdftex.def Info: Image/scan chain.png  used on input line 11.
(pdftex.def)             Requested size: 455.2979pt x 202.5591pt.
 [20



 <./Image/scan chain.png>]
Overfull \hbox (1.22197pt too wide) in paragraph at lines 46--47
\OT1/cmr/m/n/10 within the reg-is-ter file, cap-tur-ing par-al-lel data from th
e 32-bit WD3 in-ter-nal reg-is-ter of the reg-is-ter file. WD3 
 []

[21])
\openout2 = `"Sections/Memory Maping and Register List.aux"'.

 (./Sections/Memory Maping and Register List.tex) [22



]
\openout2 = `"Sections/System simulation and applications.aux"'.


(./Sections/System simulation and applications.tex
<Image/BD1.png, id=106, 1035.87pt x 544.28343pt>
File: Image/BD1.png Graphic file (type png)
<use Image/BD1.png>
Package pdftex.def Info: Image/BD1.png  used on input line 10.
(pdftex.def)             Requested size: 505.89pt x 265.81258pt.
 [23



 <./Image/BD1.png>]
Underfull \hbox (badness 1755) in paragraph at lines 68--68
[]|\OT1/cmr/m/n/10 Signal which de-cides shit-ing of Data in and out through 
 []

<Image/Heirarachy.png, id=111, 974.13937pt x 880.03781pt>
File: Image/Heirarachy.png Graphic file (type png)
<use Image/Heirarachy.png>
Package pdftex.def Info: Image/Heirarachy.png  used on input line 78.
(pdftex.def)             Requested size: 252.94499pt x 228.509pt.
[24 <./Image/Heirarachy.png>]
<Image/WO2.png, id=117, 786.68906pt x 447.92343pt>
File: Image/WO2.png Graphic file (type png)
<use Image/WO2.png>
Package pdftex.def Info: Image/WO2.png  used on input line 111.
(pdftex.def)             Requested size: 404.71353pt x 230.4405pt.
 [25 <./Image/WO2.png>]
<Image/RO2.png, id=122, 786.68906pt x 444.91219pt>
File: Image/RO2.png Graphic file (type png)
<use Image/RO2.png>
Package pdftex.def Info: Image/RO2.png  used on input line 129.
(pdftex.def)             Requested size: 404.71353pt x 228.89133pt.
 [26 <./Image/RO2.png>]
<Image/WO3.png, id=127, 785.18344pt x 450.9347pt>
File: Image/WO3.png Graphic file (type png)
<use Image/WO3.png>
Package pdftex.def Info: Image/WO3.png  used on input line 149.
(pdftex.def)             Requested size: 404.71353pt x 232.43005pt.
<Image/RO3.png, id=128, 785.18344pt x 447.17062pt>
File: Image/RO3.png Graphic file (type png)
<use Image/RO3.png>
Package pdftex.def Info: Image/RO3.png  used on input line 159.
(pdftex.def)             Requested size: 404.71353pt x 230.4899pt.

[27 <./Image/WO3.png> <./Image/RO3.png>]
Overfull \hbox (0.99982pt too wide) in paragraph at lines 173--174
[]\OT1/cmr/m/n/10 In the By-pass sce-nario, test data is di-rectly passed to th
e out-put as data from TDI(Input) passed to TDO(Output) 
 []

<Image/Bypass.png, id=134, 452.892pt x 206.6922pt>
File: Image/Bypass.png Graphic file (type png)
<use Image/Bypass.png>
Package pdftex.def Info: Image/Bypass.png  used on input line 177.
(pdftex.def)             Requested size: 404.71353pt x 184.70923pt.
[28 <./Image/Bypass.png>]) [29]
\openout2 = `Sections/Bibliography.aux'.

 (./Sections/Bibliography.tex) [30



] (./Main.aux
(./Sections/Functional_Requirements.aux) (./Sections/History.aux)
(./Sections/Document Overview.aux) (./Sections/Product_Overview.aux)
(./Sections/Architecture_Concepts.aux)
(./Sections/Description_of_the_Desgin_Element.aux)
(./Sections/Test_and_Debug.aux) (./Sections/Memory Maping and Register List.aux
) (./Sections/System simulation and applications.aux)
(./Sections/Bibliography.aux))
 ***********
LaTeX2e <2023-06-01> patch level 1
L3 programming layer <2023-10-10>
 ***********


LaTeX Warning: Label(s) may have changed. Rerun to get cross-references right.

 ) 
Here is how much of TeX's memory you used:
 4525 strings out of 474504
 76917 string characters out of 5756725
 1958043 words of memory out of 5000000
 26426 multiletter control sequences out of 15000+600000
 561134 words of font info for 46 fonts, out of 8000000 for 9000
 1141 hyphenation exceptions out of 8191
 57i,12n,65p,1262b,302s stack positions out of 10000i,1000n,20000p,200000b,200000s
<d:/texlive/2023/texmf-dist/fonts/type1/public/amsfonts/cm/cmbx10.pfb><d:/tex
live/2023/texmf-dist/fonts/type1/public/amsfonts/cm/cmbx12.pfb><d:/texlive/2023
/texmf-dist/fonts/type1/public/amsfonts/cm/cmr10.pfb><d:/texlive/2023/texmf-dis
t/fonts/type1/public/amsfonts/cm/cmr12.pfb><d:/texlive/2023/texmf-dist/fonts/ty
pe1/public/amsfonts/cm/cmr17.pfb><d:/texlive/2023/texmf-dist/fonts/type1/public
/cm-super/sfrm1000.pfb>
Output written on Main.pdf (31 pages, 1182172 bytes).
PDF statistics:
 174 PDF objects out of 1000 (max. 8388607)
 90 compressed objects within 1 object stream
 0 named destinations out of 1000 (max. 500000)
 96 words of extra memory for PDF output out of 10000 (max. 10000000)

